c:\users\angie\onedrive\documents\mystuff\school\winter2024\3d graphics and gamification\initopengl\opengl\x64\debug\vc143.pdb
c:\users\angie\onedrive\documents\mystuff\school\winter2024\3d graphics and gamification\initopengl\opengl\x64\debug\vc143.idb
c:\users\angie\onedrive\documents\mystuff\school\winter2024\3d graphics and gamification\initopengl\opengl\x64\debug\windowcontroller.obj
c:\users\angie\onedrive\documents\mystuff\school\winter2024\3d graphics and gamification\initopengl\opengl\x64\debug\texture.obj
c:\users\angie\onedrive\documents\mystuff\school\winter2024\3d graphics and gamification\initopengl\opengl\x64\debug\shader.obj
c:\users\angie\onedrive\documents\mystuff\school\winter2024\3d graphics and gamification\initopengl\opengl\x64\debug\mesh.obj
c:\users\angie\onedrive\documents\mystuff\school\winter2024\3d graphics and gamification\initopengl\opengl\x64\debug\main.obj
c:\users\angie\onedrive\documents\mystuff\school\winter2024\3d graphics and gamification\initopengl\opengl\x64\debug\gamecontroller.obj
c:\users\angie\onedrive\documents\mystuff\school\winter2024\3d graphics and gamification\initopengl\opengl\x64\debug\fonts.obj
c:\users\angie\onedrive\documents\mystuff\school\winter2024\3d graphics and gamification\initopengl\opengl\x64\debug\camera.obj
c:\users\angie\onedrive\documents\mystuff\school\winter2024\3d graphics and gamification\initopengl\opengl\x64\debug\opengl.vcxproj.assemblyreference.cache
c:\users\angie\onedrive\documents\mystuff\school\winter2024\3d graphics and gamification\initopengl\x64\debug\opengl.pdb
c:\users\angie\onedrive\documents\mystuff\school\winter2024\3d graphics and gamification\initopengl\opengl\x64\debug\opengl.tlog\cl.command.1.tlog
c:\users\angie\onedrive\documents\mystuff\school\winter2024\3d graphics and gamification\initopengl\opengl\x64\debug\opengl.tlog\cl.read.1.tlog
c:\users\angie\onedrive\documents\mystuff\school\winter2024\3d graphics and gamification\initopengl\opengl\x64\debug\opengl.tlog\cl.write.1.tlog
c:\users\angie\onedrive\documents\mystuff\school\winter2024\3d graphics and gamification\initopengl\opengl\x64\debug\opengl.tlog\link-cvtres.read.1.tlog
c:\users\angie\onedrive\documents\mystuff\school\winter2024\3d graphics and gamification\initopengl\opengl\x64\debug\opengl.tlog\link-cvtres.write.1.tlog
c:\users\angie\onedrive\documents\mystuff\school\winter2024\3d graphics and gamification\initopengl\opengl\x64\debug\opengl.tlog\link-rc.read.1.tlog
c:\users\angie\onedrive\documents\mystuff\school\winter2024\3d graphics and gamification\initopengl\opengl\x64\debug\opengl.tlog\link-rc.write.1.tlog
c:\users\angie\onedrive\documents\mystuff\school\winter2024\3d graphics and gamification\initopengl\opengl\x64\debug\opengl.tlog\link.command.1.tlog
c:\users\angie\onedrive\documents\mystuff\school\winter2024\3d graphics and gamification\initopengl\opengl\x64\debug\opengl.tlog\link.read.1.tlog
c:\users\angie\onedrive\documents\mystuff\school\winter2024\3d graphics and gamification\initopengl\opengl\x64\debug\opengl.tlog\link.read.2.tlog
c:\users\angie\onedrive\documents\mystuff\school\winter2024\3d graphics and gamification\initopengl\opengl\x64\debug\opengl.tlog\link.read.3.tlog
c:\users\angie\onedrive\documents\mystuff\school\winter2024\3d graphics and gamification\initopengl\opengl\x64\debug\opengl.tlog\link.read.4.tlog
c:\users\angie\onedrive\documents\mystuff\school\winter2024\3d graphics and gamification\initopengl\opengl\x64\debug\opengl.tlog\link.write.1.tlog
